<?xml version='1.0' encoding='utf-8'?>
<testsuites name="Maya E2E Tests (/home/shafiullah/Documents/file/maya/bin/maya)" tests="30" failures="0" errors="0" skipped="0" time="0.368"><testsuite name="Other" tests="4" failures="0" errors="0" skipped="0" time="0.536"><testcase name="test_e2e_master" classname="tests.e2e" time="0.133"><system-out>=================================================================
🌐 MAYA MASTER END-TO-END VERIFICATION SUITE (TIERS 1 - 4) 🌐
=================================================================
▶ Executing Tier 1: Feature Coverage...
  ✓ Tier 1 Feature Coverage Passed
▶ Executing Tier 2: Boundary &amp; Corner Cases...
  ✓ Tier 2 Boundary Tests Passed
▶ Executing Tier 3: Cross-Feature Combinations...
  ✓ Tier 3 Cross-Feature Tests Passed
▶ Executing Tier 4: Real-World Applications...
  ✓ Tier 4 Real-World Applications Passed
=================================================================
MASTER E2E SUITE RESULTS: 21/21 assertions passed
=================================================================
🎉 ALL END-TO-END TESTS PASSED (100% SUCCESS)!
</system-out></testcase><testcase name="test_e2e_suite" classname="tests.e2e" time="0.136"><system-out>=================================================================
🌐 MAYA MASTER END-TO-END VERIFICATION SUITE (TIERS 1 - 4) 🌐
=================================================================
▶ Executing Tier 1: Feature Coverage...
  ✓ Tier 1 Feature Coverage Passed
▶ Executing Tier 2: Boundary &amp; Corner Cases...
  ✓ Tier 2 Boundary Tests Passed
▶ Executing Tier 3: Cross-Feature Combinations...
  ✓ Tier 3 Cross-Feature Tests Passed
▶ Executing Tier 4: Real-World Applications...
  ✓ Tier 4 Real-World Applications Passed
=================================================================
MASTER E2E SUITE RESULTS: 21/21 assertions passed
=================================================================
🎉 ALL END-TO-END TESTS PASSED (100% SUCCESS)!
</system-out></testcase><testcase name="test_long_running_workload_stress" classname="tests.e2e" time="0.124"><system-out>=================================================================
▶ MAYA LONG-RUNNING WORKLOAD STRESS: BST, MATRIX, TOKENIZER, AST
=================================================================
Executing 100 comprehensive multi-domain workload stress iterations...

=================================================================
📊 WORKLOAD STRESS AUDIT SUMMARY
=================================================================
  Total Executed Assertions : 1100
  Passed                    : 1100
  Failed                    : 0

✓ [VERDICT: APPROVE] 100% of Long-Running Application Stress Assertions PASSED!
</system-out></testcase><testcase name="test_syscall_live" classname="tests.e2e" time="0.144"><system-out>=================================================================
▶ MAYA PURE MAYA UNMOCKED SYSCALL VERIFICATION SUITE
=================================================================

--- [Category 1] Live File I/O Operations ---
  [PASS] TC-FILE-01.1: mmap write buffer allocation
  [PASS] TC-FILE-01.2: sys_open create temporary file -&gt; got 3 (&gt;= 3)
  [PASS] TC-FILE-01.3: sys_write 40 bytes -&gt; got 40
  [PASS] TC-FILE-01.4: sys_close created file -&gt; got 0
  [PASS] TC-FILE-01.5: sys_open reopen O_RDONLY -&gt; got 3 (&gt;= 3)
  [PASS] TC-FILE-01.6: sys_read returned exact written byte count -&gt; got 40
  [PASS] TC-FILE-01.7: sys_unlink remove temporary file -&gt; got 0
  [PASS] TC-FILE-01.8: sys_open deleted file returns -ENOENT (-2) -&gt; correctly returned -errno -2
  [PASS] TC-FILE-02.1: sys_lseek SEEK_SET(0) -&gt; got 0
  [PASS] TC-FILE-02.2: sys_lseek SEEK_CUR(+20) from pos 10 -&gt; got 30
  [PASS] TC-FILE-02.3: sys_lseek SEEK_END(0) matches file size -&gt; got 100
  [PASS] TC-FILE-02.4: sys_lseek SEEK_END(-15) -&gt; got 85
  [PASS] TC-FILE-03.1: O_APPEND appends 30B to 50B (total 80B) -&gt; got 80
  [PASS] TC-FILE-05.1: O_TRUNC resets file length to 0 -&gt; got 0
  [PASS] TC-FILE-04.1: 3 simultaneous file descriptors open
  [PASS] TC-FILE-04.2: file descriptors are distinct
  [PASS] TC-FILE-04.3: fd1 size is 16 -&gt; got 16
  [PASS] TC-FILE-04.4: fd2 size is 32 -&gt; got 32
  [PASS] TC-FILE-04.5: fd3 size is 64 -&gt; got 64

--- [Category 2] Live Memory Mapping Operations ---
  [PASS] TC-MMAP-01.1: sys_mmap allocate 4KB page returns positive address
  [PASS] TC-MMAP-01.2: 4KB page is 4096-byte aligned -&gt; got 0
  [PASS] TC-MMAP-01.3: sys_munmap release 4KB page returns 0 -&gt; got 0
  [PASS] TC-MMAP-02.1: sys_mmap allocate 64KB arena
  [PASS] TC-MMAP-02.2: 64KB arena is 4096-byte aligned -&gt; got 0
  [PASS] TC-MMAP-02.3: sys_munmap release 64KB arena returns 0 -&gt; got 0
  [PASS] TC-MMAP-03.1: sys_mmap allocate PROT_READ page
  [PASS] TC-MMAP-04.1: sys_munmap length 0 returns -EINVAL (-22) -&gt; correctly returned -errno -22

--- [Category 3] Negative Testing &amp; Errno Translation ---
  [PASS] TC-ERR-01: sys_open non-existent file returns -ENOENT (-2) -&gt; correctly returned -errno -2
  [PASS] TC-ERR-02: sys_open non-existent dir path returns -ENOENT (-2) -&gt; correctly returned -errno -2
  [PASS] TC-ERR-03: sys_close invalid fd returns -EBADF (-9) -&gt; correctly returned -errno -9
  [PASS] TC-ERR-04: sys_read invalid fd returns -EBADF (-9) -&gt; correctly returned -errno -9
  [PASS] TC-ERR-05: sys_write to O_RDONLY fd returns -EBADF (-9) -&gt; correctly returned -errno -9
  [PASS] TC-ERR-06: sys_lseek invalid fd returns -EBADF (-9) -&gt; correctly returned -errno -9
  [PASS] TC-ERR-07: sys_lseek invalid whence 999 returns -EINVAL (-22) -&gt; correctly returned -errno -22
  [PASS] TC-ERR-08: sys_unlink non-existent file returns -ENOENT (-2) -&gt; correctly returned -errno -2
  [PASS] TC-ERR-09: sys_munmap unaligned address returns -EINVAL (-22) -&gt; correctly returned -errno -22

--- [Category 4] Edge Cases &amp; System Calls ---
  [PASS] TC-EDGE-03.1: sys_getpid returns valid PID (&gt; 0)
  [PASS] TC-EDGE-03.2: sys_getppid returns valid PPID (&gt; 0)
  [PASS] TC-EDGE-01.1: sys_write 0 bytes returns 0 -&gt; got 0
  [PASS] TC-EDGE-01.2: sys_read 0 bytes returns 0 -&gt; got 0
  [PASS] TC-EDGE-04.1: sys_write 8192 bytes (2 pages) -&gt; got 8192
  [PASS] TC-EDGE-04.2: sys_read 8192 bytes (2 pages) -&gt; got 8192
  [PASS] TC-EDGE-02.1: sys_read at EOF returns 0 -&gt; got 0
  [PASS] TC-EDGE-05.1: sys_open create file with mode 0600 -&gt; got 3 (&gt;= 3)

--- [Category 5] Error Helpers &amp; Errno Strings ---
  [PASS] TC-ERR-HELP.1: is_error(-2) is true
  [PASS] TC-ERR-HELP.2: is_error(0) is false
  [PASS] TC-ERR-HELP.3: is_ok(10) is true
  [PASS] TC-ERR-HELP.4: is_ok(-1) is false
  [PASS] TC-ERR-HELP.5: get_errno(-2) == 2 -&gt; got 2
  [PASS] TC-ERR-HELP.6: get_errno(0) == 0 -&gt; got 0
  [PASS] TC-ERR-HELP.7: errno_name(2) == 'ENOENT' -&gt; got "ENOENT"
  [PASS] TC-ERR-HELP.8: errno_name(9) == 'EBADF' -&gt; got "EBADF"
  [PASS] TC-ERR-HELP.9: errno_name(22) == 'EINVAL' -&gt; got "EINVAL"
  [PASS] TC-ERR-HELP.10: errno_strerror(2) matches -&gt; got "No such file or directory"
  [PASS] TC-ERR-HELP.11: errno_strerror(9) matches -&gt; got "Bad file descriptor"
  [PASS] TC-ERR-HELP.12: errno_strerror(22) matches -&gt; got "Invalid argument"

=================================================================
📊 SYSCALL TEST EXECUTION SUMMARY
=================================================================
  Total Assertions : 56
  Passed           : 56
  Failed           : 0

✓ [SUCCESS] 100% of unmocked Pure Maya syscall tests passed!
</system-out></testcase></testsuite><testsuite name="Tier 1" tests="8" failures="0" errors="0" skipped="0" time="0.857"><testcase name="test_arithmetic" classname="tests.e2e.tier1_features" time="0.092"><system-out>=================================================================
▶ [TIER 1] Feature 1: Arithmetic &amp; Operator Precedence
=================================================================
  [PASS] T1.1: Basic addition, subtraction, and multiplication
  [PASS] T1.2: Integer division (100 / 7 = 14) and modulo (100 % 7 = 2)
  [PASS] T1.3: Operator precedence evaluation (10 + 5 * 6 - 20 / 4 = 35)
  [PASS] T1.4: Parentheses grouping ((10 + 5) * (6 - 2) = 60) and negation
  [PASS] T1.5: Bitwise AND, OR, XOR operations (12 &amp; 10 + 12 | 10 + 12 ^ 10 = 28)
  [PASS] T1.6: Bit shifts (16 &lt;&lt; 2 + 16 &gt;&gt; 2 = 68)
-----------------------------------------------------------------
Feature 1 Summary: 6/6 passed
✓ Feature 1 (Arithmetic &amp; Operators) PASSED
</system-out></testcase><testcase name="test_arrays" classname="tests.e2e.tier1_features" time="0.176"><system-out>=================================================================
▶ [TIER 1] Feature 4: Dynamic Arrays
=================================================================
  [PASS] T1.20: Array literal initialization ([10, 20, 30, 40, 50])
  [PASS] T1.21: Array element mutation (nums[1] = 99, nums[3] = 77)
  [PASS] T1.22: Array element iteration and summation (sum == 266)
  [PASS] T1.23: Finding max element in dynamic array (max == 99)
  [PASS] T1.24: Dynamic array push appending new items (4, 5)
  [PASS] T1.25: In-place element swapping in array ([200, 100])
-----------------------------------------------------------------
Feature 4 Summary: 6/6 passed
✓ Feature 4 (Dynamic Arrays) PASSED
</system-out></testcase><testcase name="test_control_flow" classname="tests.e2e.tier1_features" time="0.099"><system-out>=================================================================
▶ [TIER 1] Feature 6: Control Flow &amp; Conditionals
=================================================================
  [PASS] T1.32: Simple @if statement branch execution
  [PASS] T1.33: @if - @else true/false branch selection
  [PASS] T1.34: Multi-branch @if - @elif - @else evaluation (all 5 branches verified)
  [PASS] T1.35: Nested conditional branches across 4 quadrants
  [PASS] T1.36: Compound boolean expressions with &amp;&amp;, ||, and !
  [PASS] T1.37: Comparison operators (&lt;, &lt;=, &gt;, &gt;=, ==, !=)
-----------------------------------------------------------------
Feature 6 Summary: 6/6 passed
✓ Feature 6 (Control Flow) PASSED
</system-out></testcase><testcase name="test_functions" classname="tests.e2e.tier1_features" time="0.096"><system-out>=================================================================
▶ [TIER 1] Feature 5: Functions &amp; Scope
=================================================================
  [PASS] T1.26: Function parameter passing and return value (square(9) == 81)
  [PASS] T1.27: Function composition (sum_of_squares(3, 4) == 25)
  [PASS] T1.28: Local variable lexical scope isolation (outer y remains 999)
  [PASS] T1.29: Recursive function evaluation (factorial(5) == 120, factorial(6) == 720)
  [PASS] T1.30: Early returns across branching paths (-1, 0, 1)
  [PASS] T1.31: Multi-argument function invocation (sum == 150)
-----------------------------------------------------------------
Feature 5 Summary: 6/6 passed
✓ Feature 5 (Functions) PASSED
</system-out></testcase><testcase name="test_loops" classname="tests.e2e.tier1_features" time="0.095"><system-out>=================================================================
▶ [TIER 1] Feature 7: Loops (@while)
=================================================================
  [PASS] T1.38: Basic @while loop downward counter (count_down(20) == 20)
  [PASS] T1.39: Accumulator loop sum 1..100 (sum == 5050)
  [PASS] T1.40: Power computation (2^10 == 1024, 3^4 == 81)
  [PASS] T1.41: While loop with non-unit step (50 step 5 -&gt; 10 iterations)
  [PASS] T1.42: While loop with early exit termination flag (target 42)
-----------------------------------------------------------------
Feature 7 Summary: 5/5 passed
✓ Feature 7 (Loops) PASSED
</system-out></testcase><testcase name="test_match" classname="tests.e2e.tier1_features" time="0.116"><system-out>=================================================================
▶ [TIER 1] Feature 8: Pattern Matching (@match)
=================================================================
  [PASS] T1.44: Exact integer pattern matching across arms (100, 200, 300, 400)
  [PASS] T1.45: Wildcard default arm `_` matched for unknown values (999)
  [PASS] T1.46: Negative integer pattern matching (-1 -&gt; 10, 0 -&gt; 20, 1 -&gt; 30)
  [PASS] T1.47: Dynamic expression evaluation within match arms (40, 42, 38)
  [PASS] T1.48: Match dispatch sequence inside loop (total_effect == 220)
-----------------------------------------------------------------
Feature 8 Summary: 5/5 passed
✓ Feature 8 (Pattern Matching) PASSED
</system-out></testcase><testcase name="test_strings" classname="tests.e2e.tier1_features" time="0.080"><system-out>=================================================================
▶ [TIER 1] Feature 2: Strings &amp; String Operations
=================================================================
  [PASS] T1.7: String literal assignment and value retention
  [PASS] T1.8: String concatenation ("Hello" + ", " + "World!" == "Hello, World!")
  [PASS] T1.9: String equality and inequality checks
  [PASS] T1.10: String starts_with functionality
  [PASS] T1.11: String ends_with functionality
  [PASS] T1.12: String contains search
  [PASS] T1.13: Escape sequence handling (\n, \t, \", \\)
-----------------------------------------------------------------
Feature 2 Summary: 7/7 passed
✓ Feature 2 (Strings) PASSED
</system-out></testcase><testcase name="test_structs" classname="tests.e2e.tier1_features" time="0.103"><system-out>=================================================================
▶ [TIER 1] Feature 3: Structs &amp; Data Structures
=================================================================
  [PASS] T1.14: Struct instantiation and field reading (pt.x == 15, pt.y == 25)
  [PASS] T1.15: Struct field mutation (pt.x = 100, pt.y = 200)
  [PASS] T1.16: Multi-field struct with 5 fields (sum_rgb == 383)
  [PASS] T1.17: Passing struct to function (calc_rect_area == 300)
  [PASS] T1.18: Function returning struct and distance calculation (dist_sq == 25)
  [PASS] T1.19: In-place struct modification through function (15, 10)
-----------------------------------------------------------------
Feature 3 Summary: 6/6 passed
✓ Feature 3 (Structs) PASSED
</system-out></testcase></testsuite><testsuite name="Tier 2" tests="8" failures="0" errors="0" skipped="0" time="0.814"><testcase name="test_boundary_integers" classname="tests.e2e.tier2_boundaries" time="0.079"><system-out>=================================================================
▶ [TIER 2] Boundary 4: Boundary Integers (0, Negative, Large)
=================================================================
  [PASS] T2.16: Zero identity arithmetic (42 + 0 == 42, 42 * 0 == 0, 0 / 42 == 0)
  [PASS] T2.17: Negative multiplication (-15 * -4 == 60, -15 * 4 == -60)
  [PASS] T2.18: Absolute value calculation (abs(-12345) == 12345, abs(0) == 0)
  [PASS] T2.19: 32-bit boundary integer addition (2147483640 + 7 == 2147483647)
  [PASS] T2.20: Subtraction of negative integers (50 - (-30) == 80)
-----------------------------------------------------------------
Boundary 4 Summary: 5/5 passed
✓ Boundary 4 (Boundary Integers) PASSED
</system-out></testcase><testcase name="test_deep_recursion" classname="tests.e2e.tier2_boundaries" time="0.134"><system-out>=================================================================
▶ [TIER 2] Boundary 7: Deep Recursion &amp; Call Stacks
=================================================================
  [PASS] T2.31: Deep recursion depth 50 sum (recursive_sum(50) == 1275)
  [PASS] T2.32: Deep call stack depth 100 accumulator (depth == 100)
  [PASS] T2.33: Recursive Fibonacci computation (fib(12) == 144)
  [PASS] T2.34: Recursive Euclidean GCD (gcd(48, 18) == 6, gcd(1071, 462) == 21)
  [PASS] T2.35: Recursive binary search (idx(23) == 5, idx(99) == -1)
-----------------------------------------------------------------
Boundary 7 Summary: 5/5 passed
✓ Boundary 7 (Deep Recursion) PASSED
</system-out></testcase><testcase name="test_empty_arrays" classname="tests.e2e.tier2_boundaries" time="0.125"><system-out>=================================================================
▶ [TIER 2] Boundary 1: Empty Arrays
=================================================================
  [PASS] T2.1: Empty array [] initialization and empty check
  [PASS] T2.2: Iterating over empty array yields 0 operations (sum == 0)
  [PASS] T2.3: Dynamic push into initially empty array (items: 42, 84)
  [PASS] T2.4: Multiple independent empty arrays don't alias (arr_a: 100, arr_b: 200)
  [PASS] T2.5: Fresh empty array modified after creation (val == 999)
-----------------------------------------------------------------
Boundary 1 Summary: 5/5 passed
✓ Boundary 1 (Empty Arrays) PASSED
</system-out></testcase><testcase name="test_empty_strings" classname="tests.e2e.tier2_boundaries" time="0.103"><system-out>=================================================================
▶ [TIER 2] Boundary 5: Empty Strings
=================================================================
  [PASS] T2.21: Empty string literal "" instantiation and match
  [PASS] T2.22: Empty string concatenation identity ("" + "Maya" == "Maya")
  [PASS] T2.23: Function detecting empty string (is_empty("") == 1)
  [PASS] T2.24: Concatenation of multiple empty strings (result == "")
  [PASS] T2.25: Wrapping empty string with delimiters (wrap("", "[", "]") == "[]")
-----------------------------------------------------------------
Boundary 5 Summary: 5/5 passed
✓ Boundary 5 (Empty Strings) PASSED
</system-out></testcase><testcase name="test_multiline_strings" classname="tests.e2e.tier2_boundaries" time="0.092"><system-out>=================================================================
▶ [TIER 2] Boundary 6: Multiline &amp; Escaped Strings
=================================================================
  [PASS] T2.26: Newline escape \n handling in multi-line strings
  [PASS] T2.27: Tab escape \t handling in tab-separated strings
  [PASS] T2.28: Escaped quotes \" retention inside strings
  [PASS] T2.29: Multi-line formatted text block assembly
  [PASS] T2.30: Consecutive mixed escape sequences (\n\t...\n)
-----------------------------------------------------------------
Boundary 6 Summary: 5/5 passed
✓ Boundary 6 (Multiline &amp; Escaped Strings) PASSED
</system-out></testcase><testcase name="test_nested_loops" classname="tests.e2e.tier2_boundaries" time="0.096"><system-out>=================================================================
▶ [TIER 2] Boundary 8: Nested Loops
=================================================================
  [PASS] T2.36: 2D grid nested loop (10x10 == 100 iterations)
  [PASS] T2.37: 3-level deep nested loops (4 x 5 x 6 == 120)
  [PASS] T2.38: Triangular dependent nested loop (sum 1..10 == 55)
  [PASS] T2.39: Nested loop bubble sort ([10, 20, 30, 40, 50])
  [PASS] T2.40: Nested loop diagonal conditional matching (diag_sum == 50)
-----------------------------------------------------------------
Boundary 8 Summary: 5/5 passed
✓ Boundary 8 (Nested Loops) PASSED
</system-out></testcase><testcase name="test_nested_structs" classname="tests.e2e.tier2_boundaries" time="0.094"><system-out>=================================================================
▶ [TIER 2] Boundary 3: Nested Structs
=================================================================
  [PASS] T2.11: 2-level nested struct creation (circle with center Point(10, 20))
  [PASS] T2.12: Deep field access in mathematical expressions (area == 75, sum == 30)
  [PASS] T2.13: Mutation of nested struct fields (center.x = 100, center.y = 200)
  [PASS] T2.14: 3-level deep struct traversal (l3.middle.inner.val == 42)
  [PASS] T2.15: Function moving nested struct coordinate (15, 20)
-----------------------------------------------------------------
Boundary 3 Summary: 5/5 passed
✓ Boundary 3 (Nested Structs) PASSED
</system-out></testcase><testcase name="test_single_element_arrays" classname="tests.e2e.tier2_boundaries" time="0.089"><system-out>=================================================================
▶ [TIER 2] Boundary 2: Single-Element Arrays
=================================================================
  [PASS] T2.6: Single-element array creation ([42])
  [PASS] T2.7: Reading index 0 of single-element array through function (42)
  [PASS] T2.8: In-place mutation of single-element array (999)
  [PASS] T2.9: Expansion from single-element to multi-element via push ([999, 1000])
  [PASS] T2.10: Single-element string array (["solo_string"])
-----------------------------------------------------------------
Boundary 2 Summary: 5/5 passed
✓ Boundary 2 (Single-Element Arrays) PASSED
</system-out></testcase></testsuite><testsuite name="Tier 3" tests="5" failures="0" errors="0" skipped="0" time="0.643"><testcase name="test_array_indexing_in_while" classname="tests.e2e.tier3_combinations" time="0.143"><system-out>=================================================================
▶ [TIER 3] Combination 5: Array Indexing &amp; Mutation in While Loops
=================================================================
  [PASS] T3.21: Two-pointer in-place array reversal ([5, 4, 3, 2, 1])
  [PASS] T3.22: Prefix sum accumulation in dynamic array ([10, 30, 60, 100])
  [PASS] T3.23: Sliding window max sum over dynamic array (max_win == 9)
  [PASS] T3.24: Even integer counting via loop indexing (even_count == 5)
  [PASS] T3.25: Index-dependent array arithmetic transformation ([10, 21, 32, 43])
-----------------------------------------------------------------
Combination 5 Summary: 5/5 passed
✓ Combination 5 (Array Indexing in Loops) PASSED
</system-out></testcase><testcase name="test_arrays_of_structs" classname="tests.e2e.tier3_combinations" time="0.107"><system-out>=================================================================
▶ [TIER 3] Combination 2: Arrays of Structs
=================================================================
  [PASS] T3.6: Array containing struct objects initialization
  [PASS] T3.7: Field summation across array of structs (total == 370)
  [PASS] T3.8: Finding struct with max field value in array (max id == 102)
  [PASS] T3.9: In-place field mutation within array-indexed struct (new total == 770)
  [PASS] T3.10: Search by ID key in array of structs (index == 2, price == 30)
-----------------------------------------------------------------
Combination 2 Summary: 5/5 passed
✓ Combination 2 (Arrays of Structs) PASSED
</system-out></testcase><testcase name="test_fn_returning_struct_array" classname="tests.e2e.tier3_combinations" time="0.151"><system-out>=================================================================
▶ [TIER 3] Combination 3: Functions Returning Structs &amp; Arrays
=================================================================
  [PASS] T3.11: Function returning statistics struct (min: 3, max: 42, sum: 96)
  [PASS] T3.12: Function returning dynamic filtered array ([42, 27])
  [PASS] T3.13: Range generator function returning array ([10, 11, 12, 13, 14])
  [PASS] T3.14: Pipelined array generator into stats analyzer (sum == 55)
  [PASS] T3.15: Struct holding pairs of structs (dx == 20, dy == 20)
-----------------------------------------------------------------
Combination 3 Summary: 5/5 passed
✓ Combination 3 (Functions Returning Structs/Arrays) PASSED
</system-out></testcase><testcase name="test_match_struct_fields" classname="tests.e2e.tier3_combinations" time="0.109"><system-out>=================================================================
▶ [TIER 3] Combination 4: Pattern Matching on Struct Fields
=================================================================
  [PASS] T3.16: Pattern matching on struct status fields (10, 20, 30, 40)
  [PASS] T3.17: Match-dispatched struct coordinate transformations (6, 10)
  [PASS] T3.18: Match dispatch inside loop iterating array of structs (batch == 45)
  [PASS] T3.19: Default branch matched for unknown struct status (99)
  [PASS] T3.20: Sequential state machine execution via @match (3 transitions)
-----------------------------------------------------------------
Combination 4 Summary: 5/5 passed
✓ Combination 4 (Match On Struct Fields) PASSED
</system-out></testcase><testcase name="test_structs_with_arrays" classname="tests.e2e.tier3_combinations" time="0.133"><system-out>=================================================================
▶ [TIER 3] Combination 1: Structs Containing Dynamic Arrays
=================================================================
  [PASS] T3.1: Struct containing dynamic array field initialization
  [PASS] T3.2: In-place mutation of array element inside struct (grades[1] = 85)
  [PASS] T3.3: Iterative average computation over struct's array (avg == 81)
  [PASS] T3.4: Dynamic push appending into struct's array (count == 4, avg == 85)
  [PASS] T3.5: Distinct struct instances hold independent arrays (s1: 90, s2: 50)
-----------------------------------------------------------------
Combination 1 Summary: 5/5 passed
✓ Combination 1 (Structs With Arrays) PASSED
</system-out></testcase></testsuite><testsuite name="Tier 4" tests="5" failures="0" errors="0" skipped="0" time="0.631"><testcase name="test_expression_evaluator" classname="tests.e2e.tier4_applications" time="0.126"><system-out>=================================================================
▶ [TIER 4] Application 5: Mathematical Expression AST Evaluator
=================================================================
  [PASS] T4.5.1: Single binary addition node evaluated (15 + 27 == 42)
  [PASS] T4.5.2: Precedence expression AST evaluation: 2 + (3 * 4) == 14
  [PASS] T4.5.3: Parenthesized grouped AST evaluation: (2 + 3) * 4 == 20
  [PASS] T4.5.4: Multi-tier nested expression AST: ((10 + 2) * 5 - 4) / 8 == 7
  [PASS] T4.5.5: Negative result expression evaluation: (10 - 25) * 2 == -30
-----------------------------------------------------------------
App 5 Summary: 5/5 passed
✓ Application 5 (Expression Evaluator) PASSED
</system-out></testcase><testcase name="test_linked_list_bst" classname="tests.e2e.tier4_applications" time="0.141"><system-out>=================================================================
▶ [TIER 4] Application 2: Linked List &amp; Binary Search Tree (BST)
=================================================================
  [PASS] T4.2.1: Linked list prepend node construction (30 -&gt; 20 -&gt; 10)
  [PASS] T4.2.2: Linked list traversal and summation (sum == 60)
  [PASS] T4.2.3: Linked list linear search (found 20, rejected 99)
  [PASS] T4.2.4: BST insertion and search (found 60, rejected 25)
  [PASS] T4.2.5: BST in-order traversal yields sorted array ([20, ..., 50, ..., 80])
-----------------------------------------------------------------
App 2 Summary: 5/5 passed
✓ Application 2 (Linked List &amp; BST) PASSED
</system-out></testcase><testcase name="test_matrix_operations" classname="tests.e2e.tier4_applications" time="0.126"><system-out>=================================================================
▶ [TIER 4] Application 3: Matrix Mathematics &amp; Transformations
=================================================================
  [PASS] T4.3.1: 2x2 matrix multiplication ([4, 4, 10, 8])
  [PASS] T4.3.2: 3x3 matrix element-wise addition (all entries == 10)
  [PASS] T4.3.3: 3x3 matrix transposition ([1, 4, 7, 2, 5, 8, 3, 6, 9])
  [PASS] T4.3.4: 2x2 matrix determinant (det == 14)
  [PASS] T4.3.5: 3x3 matrix determinant via cofactor expansion (det == -306)
-----------------------------------------------------------------
App 3 Summary: 5/5 passed
✓ Application 3 (Matrix Operations) PASSED
</system-out></testcase><testcase name="test_sorting_algorithms" classname="tests.e2e.tier4_applications" time="0.116"><system-out>=================================================================
▶ [TIER 4] Application 1: Comprehensive Sorting Algorithms
=================================================================
  [PASS] T4.1.1: Insertion sort on reverse-sorted array ([10, 20, 30, 40, 50])
  [PASS] T4.1.2: Selection sort on unsorted array ([11, 12, 22, 25, 64])
  [PASS] T4.1.3: Recursive Quicksort on 10-element array with duplicates
  [PASS] T4.1.4: Quicksort on already sorted array
  [PASS] T4.1.5: Quicksort on all-equal element array
-----------------------------------------------------------------
App 1 Summary: 5/5 passed
✓ Application 1 (Sorting Algorithms) PASSED
</system-out></testcase><testcase name="test_string_tokenizer" classname="tests.e2e.tier4_applications" time="0.122"><system-out>=================================================================
▶ [TIER 4] Application 4: Lexical Tokenizer in Pure Maya
=================================================================
  [PASS] T4.4.1: Operator character token parsing (PLUS, STAR, ASSIGN)
  [PASS] T4.4.2: Delimiter token parsing (LPAREN, RPAREN, SEMI)
  [PASS] T4.4.3: Byte stream tokenizer produces structured token stream (3 INTs)
  [PASS] T4.4.4: Exact sequential token grammar verified (INT + INT * ( INT ) ;)
  [PASS] T4.4.5: Numerical value extraction from token payloads (3 + 5 + 2 == 10)
-----------------------------------------------------------------
App 4 Summary: 5/5 passed
✓ Application 4 (String Tokenizer) PASSED
</system-out></testcase></testsuite></testsuites>